<?xml version="1.0" encoding="UTF-8"?>
<testng-results ignored="0" total="2" passed="1" failed="1" skipped="0">
  <reporter-output>
  </reporter-output>
  <suite started-at="2023-12-07T01:49:57 EST" name="Smoke Suite" finished-at="2023-12-07T01:50:09 EST" duration-ms="12150">
    <groups>
      <group name="Smoke">
        <method signature="RegistrationTest.aloResgistrtion()[pri:0, instance:com.amazon.registrationTest.RegistrationTest@5fe94a96]" name="aloResgistrtion" class="com.amazon.registrationTest.RegistrationTest"/>
        <method signature="RegistrationTest2.rudelaResgistrtion()[pri:1, instance:com.amazon.registrationTest.RegistrationTest2@3fc2959f]" name="rudelaResgistrtion" class="com.amazon.registrationTest.RegistrationTest2"/>
      </group> <!-- Smoke -->
    </groups>
    <test started-at="2023-12-07T01:49:57 EST" name="Smoke Test" finished-at="2023-12-07T01:50:09 EST" duration-ms="12150">
      <class name="com.amazon.registrationTest.RegistrationTest">
        <test-method is-config="true" signature="openApplication()[pri:0, instance:com.amazon.registrationTest.RegistrationTest@5fe94a96]" started-at="2023-12-07T01:49:57 EST" name="openApplication" finished-at="2023-12-07T01:50:00 EST" duration-ms="3035" status="PASS">
          <reporter-output>
          </reporter-output>
        </test-method> <!-- openApplication -->
        <test-method signature="aloResgistrtion()[pri:0, instance:com.amazon.registrationTest.RegistrationTest@5fe94a96]" started-at="2023-12-07T01:50:00 EST" name="aloResgistrtion" finished-at="2023-12-07T01:50:02 EST" duration-ms="2160" status="PASS">
          <reporter-output>
          </reporter-output>
        </test-method> <!-- aloResgistrtion -->
        <test-method is-config="true" signature="closeApplication()[pri:0, instance:com.amazon.registrationTest.RegistrationTest@5fe94a96]" started-at="2023-12-07T01:50:02 EST" name="closeApplication" finished-at="2023-12-07T01:50:02 EST" duration-ms="172" status="PASS">
          <reporter-output>
          </reporter-output>
        </test-method> <!-- closeApplication -->
      </class> <!-- com.amazon.registrationTest.RegistrationTest -->
      <class name="com.amazon.registrationTest.RegistrationTest2">
        <test-method is-config="true" signature="openApplication()[pri:0, instance:com.amazon.registrationTest.RegistrationTest2@3fc2959f]" started-at="2023-12-07T01:50:02 EST" name="openApplication" finished-at="2023-12-07T01:50:05 EST" duration-ms="2809" status="PASS">
          <reporter-output>
          </reporter-output>
        </test-method> <!-- openApplication -->
        <test-method signature="rudelaResgistrtion()[pri:1, instance:com.amazon.registrationTest.RegistrationTest2@3fc2959f]" started-at="2023-12-07T01:50:05 EST" name="rudelaResgistrtion" finished-at="2023-12-07T01:50:06 EST" duration-ms="1335" status="FAIL">
          <exception class="java.lang.AssertionError">
            <message>
              <![CDATA[expected [Amazon Registration] but found [amazon]]]>
            </message>
            <full-stacktrace>
              <![CDATA[java.lang.AssertionError: expected [Amazon Registration] but found [amazon]
at org.testng.Assert.fail(Assert.java:111)
at org.testng.Assert.failNotEquals(Assert.java:1578)
at org.testng.Assert.assertEqualsImpl(Assert.java:150)
at org.testng.Assert.assertEquals(Assert.java:132)
at org.testng.Assert.assertEquals(Assert.java:656)
at org.testng.Assert.assertEquals(Assert.java:666)
at com.amazon.registrationTest.RegistrationTest2.rudelaResgistrtion(RegistrationTest2.java:36)
at java.base/jdk.internal.reflect.DirectMethodHandleAccessor.invoke(DirectMethodHandleAccessor.java:104)
at java.base/java.lang.reflect.Method.invoke(Method.java:578)
at org.testng.internal.invokers.MethodInvocationHelper.invokeMethod(MethodInvocationHelper.java:139)
at org.testng.internal.invokers.TestInvoker.invokeMethod(TestInvoker.java:664)
at org.testng.internal.invokers.TestInvoker.invokeTestMethod(TestInvoker.java:227)
at org.testng.internal.invokers.MethodRunner.runInSequence(MethodRunner.java:50)
at org.testng.internal.invokers.TestInvoker$MethodInvocationAgent.invoke(TestInvoker.java:957)
at org.testng.internal.invokers.TestInvoker.invokeTestMethods(TestInvoker.java:200)
at org.testng.internal.invokers.TestMethodWorker.invokeTestMethods(TestMethodWorker.java:148)
at org.testng.internal.invokers.TestMethodWorker.run(TestMethodWorker.java:128)
at java.base/java.util.ArrayList.forEach(ArrayList.java:1511)
at org.testng.TestRunner.privateRun(TestRunner.java:848)
at org.testng.TestRunner.run(TestRunner.java:621)
at org.testng.SuiteRunner.runTest(SuiteRunner.java:443)
at org.testng.SuiteRunner.runSequentially(SuiteRunner.java:437)
at org.testng.SuiteRunner.privateRun(SuiteRunner.java:397)
at org.testng.SuiteRunner.run(SuiteRunner.java:336)
at org.testng.SuiteRunnerWorker.runSuite(SuiteRunnerWorker.java:52)
at org.testng.SuiteRunnerWorker.run(SuiteRunnerWorker.java:95)
at org.testng.TestNG.runSuitesSequentially(TestNG.java:1280)
at org.testng.TestNG.runSuitesLocally(TestNG.java:1200)
at org.testng.TestNG.runSuites(TestNG.java:1114)
at org.testng.TestNG.run(TestNG.java:1082)
at org.testng.remote.AbstractRemoteTestNG.run(AbstractRemoteTestNG.java:115)
at org.testng.remote.RemoteTestNG.initAndRun(RemoteTestNG.java:251)
at org.testng.remote.RemoteTestNG.main(RemoteTestNG.java:77)
]]>
            </full-stacktrace>
          </exception> <!-- java.lang.AssertionError -->
          <reporter-output>
          </reporter-output>
        </test-method> <!-- rudelaResgistrtion -->
        <test-method is-config="true" signature="closeApplication()[pri:0, instance:com.amazon.registrationTest.RegistrationTest2@3fc2959f]" started-at="2023-12-07T01:50:09 EST" name="closeApplication" finished-at="2023-12-07T01:50:09 EST" duration-ms="168" status="PASS">
          <reporter-output>
          </reporter-output>
        </test-method> <!-- closeApplication -->
      </class> <!-- com.amazon.registrationTest.RegistrationTest2 -->
    </test> <!-- Smoke Test -->
  </suite> <!-- Smoke Suite -->
</testng-results>
